{"/home/vijay/The Crypto Sentinel/Backend/src/app.js": {"path":"/home/vijay/The Crypto Sentinel/Backend/src/app.js","statementMap":{"0":{"start":{"line":1,"column":16},"end":{"line":1,"column":34}},"1":{"start":{"line":2,"column":13},"end":{"line":2,"column":28}},"2":{"start":{"line":3,"column":15},"end":{"line":3,"column":32}},"3":{"start":{"line":4,"column":20},"end":{"line":4,"column":52}},"4":{"start":{"line":6,"column":12},"end":{"line":6,"column":21}},"5":{"start":{"line":8,"column":0},"end":{"line":8,"column":18}},"6":{"start":{"line":9,"column":0},"end":{"line":9,"column":16}},"7":{"start":{"line":10,"column":0},"end":{"line":10,"column":24}},"8":{"start":{"line":11,"column":0},"end":{"line":11,"column":26}},"9":{"start":{"line":13,"column":0},"end":{"line":13,"column":21}}},"fnMap":{},"branchMap":{},"s":{"0":1,"1":1,"2":1,"3":1,"4":1,"5":1,"6":1,"7":1,"8":1,"9":1},"f":{},"b":{},"_coverageSchema":"1a1c01bbd47fc00a2c39e90264f33305004495a9","hash":"505ad4159f67552e7ff3a436f76956cbab3f59f9"}
,"/home/vijay/The Crypto Sentinel/Backend/src/business/alert.business.js": {"path":"/home/vijay/The Crypto Sentinel/Backend/src/business/alert.business.js","statementMap":{"0":{"start":{"line":1,"column":24},"end":{"line":1,"column":60}},"1":{"start":{"line":2,"column":39},"end":{"line":2,"column":71}},"2":{"start":{"line":9,"column":20},"end":{"line":15,"column":1}},"3":{"start":{"line":10,"column":2},"end":{"line":14,"column":3}},"4":{"start":{"line":11,"column":4},"end":{"line":11,"column":53}},"5":{"start":{"line":13,"column":4},"end":{"line":13,"column":53}},"6":{"start":{"line":21,"column":18},"end":{"line":27,"column":1}},"7":{"start":{"line":22,"column":2},"end":{"line":26,"column":3}},"8":{"start":{"line":23,"column":4},"end":{"line":23,"column":39}},"9":{"start":{"line":25,"column":4},"end":{"line":25,"column":51}},"10":{"start":{"line":34,"column":20},"end":{"line":40,"column":1}},"11":{"start":{"line":35,"column":2},"end":{"line":39,"column":3}},"12":{"start":{"line":36,"column":4},"end":{"line":36,"column":46}},"13":{"start":{"line":38,"column":4},"end":{"line":38,"column":53}},"14":{"start":{"line":42,"column":0},"end":{"line":46,"column":2}}},"fnMap":{"0":{"name":"(anonymous_0)","decl":{"start":{"line":9,"column":20},"end":{"line":9,"column":21}},"loc":{"start":{"line":9,"column":38},"end":{"line":15,"column":1}},"line":9},"1":{"name":"(anonymous_1)","decl":{"start":{"line":21,"column":18},"end":{"line":21,"column":19}},"loc":{"start":{"line":21,"column":24},"end":{"line":27,"column":1}},"line":21},"2":{"name":"(anonymous_2)","decl":{"start":{"line":34,"column":20},"end":{"line":34,"column":21}},"loc":{"start":{"line":34,"column":31},"end":{"line":40,"column":1}},"line":34}},"branchMap":{},"s":{"0":2,"1":2,"2":2,"3":4,"4":4,"5":0,"6":2,"7":3,"8":3,"9":0,"10":2,"11":3,"12":3,"13":0,"14":2},"f":{"0":4,"1":3,"2":3},"b":{},"_coverageSchema":"1a1c01bbd47fc00a2c39e90264f33305004495a9","hash":"46b10c06282c7bdace4d65635fa06d7d8916b705"}
,"/home/vijay/The Crypto Sentinel/Backend/src/config/db.js": {"path":"/home/vijay/The Crypto Sentinel/Backend/src/config/db.js","statementMap":{"0":{"start":{"line":2,"column":18},"end":{"line":2,"column":27}},"1":{"start":{"line":3,"column":18},"end":{"line":3,"column":27}},"2":{"start":{"line":6,"column":21},"end":{"line":9,"column":1}},"3":{"start":{"line":11,"column":0},"end":{"line":15,"column":2}}},"fnMap":{},"branchMap":{},"s":{"0":3,"1":3,"2":3,"3":3},"f":{},"b":{},"_coverageSchema":"1a1c01bbd47fc00a2c39e90264f33305004495a9","hash":"d149fc17a7e8d514b28bfe90f1861221a6d88f1e"}
,"/home/vijay/The Crypto Sentinel/Backend/src/controllers/alert.controller.js": {"path":"/home/vijay/The Crypto Sentinel/Backend/src/controllers/alert.controller.js","statementMap":{"0":{"start":{"line":1,"column":25},"end":{"line":1,"column":62}},"1":{"start":{"line":11,"column":20},"end":{"line":29,"column":1}},"2":{"start":{"line":12,"column":2},"end":{"line":28,"column":3}},"3":{"start":{"line":13,"column":114},"end":{"line":13,"column":122}},"4":{"start":{"line":15,"column":4},"end":{"line":17,"column":5}},"5":{"start":{"line":16,"column":6},"end":{"line":16,"column":92}},"6":{"start":{"line":19,"column":4},"end":{"line":21,"column":5}},"7":{"start":{"line":20,"column":6},"end":{"line":20,"column":85}},"8":{"start":{"line":23,"column":21},"end":{"line":23,"column":102}},"9":{"start":{"line":24,"column":4},"end":{"line":24,"column":35}},"10":{"start":{"line":26,"column":4},"end":{"line":26,"column":49}},"11":{"start":{"line":27,"column":4},"end":{"line":27,"column":73}},"12":{"start":{"line":36,"column":18},"end":{"line":44,"column":1}},"13":{"start":{"line":37,"column":2},"end":{"line":43,"column":3}},"14":{"start":{"line":38,"column":25},"end":{"line":38,"column":53}},"15":{"start":{"line":39,"column":4},"end":{"line":39,"column":27}},"16":{"start":{"line":41,"column":4},"end":{"line":41,"column":49}},"17":{"start":{"line":42,"column":4},"end":{"line":42,"column":73}},"18":{"start":{"line":52,"column":20},"end":{"line":61,"column":1}},"19":{"start":{"line":53,"column":2},"end":{"line":60,"column":3}},"20":{"start":{"line":54,"column":26},"end":{"line":54,"column":36}},"21":{"start":{"line":55,"column":23},"end":{"line":55,"column":58}},"22":{"start":{"line":56,"column":4},"end":{"line":56,"column":36}},"23":{"start":{"line":58,"column":4},"end":{"line":58,"column":49}},"24":{"start":{"line":59,"column":4},"end":{"line":59,"column":73}},"25":{"start":{"line":63,"column":0},"end":{"line":67,"column":2}}},"fnMap":{"0":{"name":"(anonymous_0)","decl":{"start":{"line":11,"column":20},"end":{"line":11,"column":21}},"loc":{"start":{"line":11,"column":34},"end":{"line":29,"column":1}},"line":11},"1":{"name":"(anonymous_1)","decl":{"start":{"line":36,"column":18},"end":{"line":36,"column":19}},"loc":{"start":{"line":36,"column":32},"end":{"line":44,"column":1}},"line":36},"2":{"name":"(anonymous_2)","decl":{"start":{"line":52,"column":20},"end":{"line":52,"column":21}},"loc":{"start":{"line":52,"column":34},"end":{"line":61,"column":1}},"line":52}},"branchMap":{"0":{"loc":{"start":{"line":13,"column":87},"end":{"line":13,"column":109}},"type":"default-arg","locations":[{"start":{"line":13,"column":102},"end":{"line":13,"column":109}}],"line":13},"1":{"loc":{"start":{"line":15,"column":4},"end":{"line":17,"column":5}},"type":"if","locations":[{"start":{"line":15,"column":4},"end":{"line":17,"column":5}},{"start":{},"end":{}}],"line":15},"2":{"loc":{"start":{"line":15,"column":8},"end":{"line":15,"column":45}},"type":"binary-expr","locations":[{"start":{"line":15,"column":8},"end":{"line":15,"column":26}},{"start":{"line":15,"column":30},"end":{"line":15,"column":45}}],"line":15},"3":{"loc":{"start":{"line":19,"column":4},"end":{"line":21,"column":5}},"type":"if","locations":[{"start":{"line":19,"column":4},"end":{"line":21,"column":5}},{"start":{},"end":{}}],"line":19},"4":{"loc":{"start":{"line":27,"column":15},"end":{"line":27,"column":37}},"type":"binary-expr","locations":[{"start":{"line":27,"column":15},"end":{"line":27,"column":30}},{"start":{"line":27,"column":34},"end":{"line":27,"column":37}}],"line":27},"5":{"loc":{"start":{"line":42,"column":15},"end":{"line":42,"column":37}},"type":"binary-expr","locations":[{"start":{"line":42,"column":15},"end":{"line":42,"column":30}},{"start":{"line":42,"column":34},"end":{"line":42,"column":37}}],"line":42},"6":{"loc":{"start":{"line":59,"column":15},"end":{"line":59,"column":37}},"type":"binary-expr","locations":[{"start":{"line":59,"column":15},"end":{"line":59,"column":30}},{"start":{"line":59,"column":34},"end":{"line":59,"column":37}}],"line":59}},"s":{"0":1,"1":1,"2":5,"3":5,"4":5,"5":1,"6":4,"7":1,"8":3,"9":3,"10":0,"11":0,"12":1,"13":2,"14":2,"15":2,"16":0,"17":0,"18":1,"19":2,"20":2,"21":2,"22":2,"23":0,"24":0,"25":1},"f":{"0":5,"1":2,"2":2},"b":{"0":[0],"1":[1,4],"2":[5,4],"3":[1,3],"4":[0,0],"5":[0,0],"6":[0,0]},"_coverageSchema":"1a1c01bbd47fc00a2c39e90264f33305004495a9","hash":"f7cb6f3b00be553363a75389fe45e91e866af20c"}
,"/home/vijay/The Crypto Sentinel/Backend/src/routes/alert.routes.js": {"path":"/home/vijay/The Crypto Sentinel/Backend/src/routes/alert.routes.js","statementMap":{"0":{"start":{"line":1,"column":16},"end":{"line":1,"column":34}},"1":{"start":{"line":2,"column":24},"end":{"line":2,"column":66}},"2":{"start":{"line":4,"column":15},"end":{"line":4,"column":31}},"3":{"start":{"line":6,"column":0},"end":{"line":6,"column":52}},"4":{"start":{"line":8,"column":0},"end":{"line":8,"column":49}},"5":{"start":{"line":10,"column":0},"end":{"line":10,"column":58}},"6":{"start":{"line":12,"column":0},"end":{"line":12,"column":24}}},"fnMap":{},"branchMap":{},"s":{"0":1,"1":1,"2":1,"3":1,"4":1,"5":1,"6":1},"f":{},"b":{},"_coverageSchema":"1a1c01bbd47fc00a2c39e90264f33305004495a9","hash":"8588eb86e876ac8ee9f674c55a2087a43e544bd7"}
,"/home/vijay/The Crypto Sentinel/Backend/src/services/alert.service.js": {"path":"/home/vijay/The Crypto Sentinel/Backend/src/services/alert.service.js","statementMap":{"0":{"start":{"line":1,"column":23},"end":{"line":1,"column":38}},"1":{"start":{"line":2,"column":47},"end":{"line":2,"column":70}},"2":{"start":{"line":3,"column":24},"end":{"line":3,"column":56}},"3":{"start":{"line":10,"column":20},"end":{"line":27,"column":1}},"4":{"start":{"line":11,"column":2},"end":{"line":26,"column":3}},"5":{"start":{"line":12,"column":21},"end":{"line":19,"column":5}},"6":{"start":{"line":21,"column":4},"end":{"line":21,"column":41}},"7":{"start":{"line":22,"column":4},"end":{"line":22,"column":20}},"8":{"start":{"line":24,"column":4},"end":{"line":24,"column":46}},"9":{"start":{"line":25,"column":4},"end":{"line":25,"column":19}},"10":{"start":{"line":33,"column":18},"end":{"line":43,"column":1}},"11":{"start":{"line":34,"column":2},"end":{"line":42,"column":3}},"12":{"start":{"line":35,"column":4},"end":{"line":38,"column":8}},"13":{"start":{"line":35,"column":59},"end":{"line":38,"column":5}},"14":{"start":{"line":40,"column":4},"end":{"line":40,"column":46}},"15":{"start":{"line":41,"column":4},"end":{"line":41,"column":19}},"16":{"start":{"line":51,"column":20},"end":{"line":66,"column":1}},"17":{"start":{"line":52,"column":2},"end":{"line":65,"column":3}},"18":{"start":{"line":53,"column":4},"end":{"line":57,"column":5}},"19":{"start":{"line":54,"column":6},"end":{"line":56,"column":7}},"20":{"start":{"line":58,"column":4},"end":{"line":58,"column":28}},"21":{"start":{"line":59,"column":4},"end":{"line":61,"column":7}},"22":{"start":{"line":63,"column":4},"end":{"line":63,"column":46}},"23":{"start":{"line":64,"column":4},"end":{"line":64,"column":19}},"24":{"start":{"line":72,"column":20},"end":{"line":93,"column":1}},"25":{"start":{"line":73,"column":2},"end":{"line":92,"column":3}},"26":{"start":{"line":74,"column":4},"end":{"line":89,"column":7}},"27":{"start":{"line":75,"column":6},"end":{"line":75,"column":58}},"28":{"start":{"line":75,"column":51},"end":{"line":75,"column":58}},"29":{"start":{"line":77,"column":30},"end":{"line":77,"column":68}},"30":{"start":{"line":78,"column":6},"end":{"line":78,"column":35}},"31":{"start":{"line":78,"column":28},"end":{"line":78,"column":35}},"32":{"start":{"line":80,"column":32},"end":{"line":82,"column":49}},"33":{"start":{"line":84,"column":6},"end":{"line":88,"column":7}},"34":{"start":{"line":85,"column":8},"end":{"line":85,"column":49}},"35":{"start":{"line":86,"column":29},"end":{"line":86,"column":95}},"36":{"start":{"line":87,"column":8},"end":{"line":87,"column":156}},"37":{"start":{"line":91,"column":4},"end":{"line":91,"column":46}},"38":{"start":{"line":95,"column":0},"end":{"line":100,"column":2}}},"fnMap":{"0":{"name":"(anonymous_0)","decl":{"start":{"line":10,"column":20},"end":{"line":10,"column":21}},"loc":{"start":{"line":10,"column":38},"end":{"line":27,"column":1}},"line":10},"1":{"name":"(anonymous_1)","decl":{"start":{"line":33,"column":18},"end":{"line":33,"column":19}},"loc":{"start":{"line":33,"column":24},"end":{"line":43,"column":1}},"line":33},"2":{"name":"(anonymous_2)","decl":{"start":{"line":35,"column":46},"end":{"line":35,"column":47}},"loc":{"start":{"line":35,"column":59},"end":{"line":38,"column":5}},"line":35},"3":{"name":"(anonymous_3)","decl":{"start":{"line":51,"column":20},"end":{"line":51,"column":21}},"loc":{"start":{"line":51,"column":31},"end":{"line":66,"column":1}},"line":51},"4":{"name":"(anonymous_4)","decl":{"start":{"line":72,"column":20},"end":{"line":72,"column":21}},"loc":{"start":{"line":72,"column":26},"end":{"line":93,"column":1}},"line":72},"5":{"name":"(anonymous_5)","decl":{"start":{"line":74,"column":22},"end":{"line":74,"column":23}},"loc":{"start":{"line":74,"column":36},"end":{"line":89,"column":5}},"line":74}},"branchMap":{"0":{"loc":{"start":{"line":37,"column":20},"end":{"line":37,"column":66}},"type":"binary-expr","locations":[{"start":{"line":37,"column":20},"end":{"line":37,"column":58}},{"start":{"line":37,"column":62},"end":{"line":37,"column":66}}],"line":37},"1":{"loc":{"start":{"line":53,"column":4},"end":{"line":57,"column":5}},"type":"if","locations":[{"start":{"line":53,"column":4},"end":{"line":57,"column":5}},{"start":{},"end":{}}],"line":53},"2":{"loc":{"start":{"line":75,"column":6},"end":{"line":75,"column":58}},"type":"if","locations":[{"start":{"line":75,"column":6},"end":{"line":75,"column":58}},{"start":{},"end":{}}],"line":75},"3":{"loc":{"start":{"line":78,"column":6},"end":{"line":78,"column":35}},"type":"if","locations":[{"start":{"line":78,"column":6},"end":{"line":78,"column":35}},{"start":{},"end":{}}],"line":78},"4":{"loc":{"start":{"line":80,"column":32},"end":{"line":82,"column":49}},"type":"cond-expr","locations":[{"start":{"line":81,"column":10},"end":{"line":81,"column":49}},{"start":{"line":82,"column":10},"end":{"line":82,"column":49}}],"line":80},"5":{"loc":{"start":{"line":84,"column":6},"end":{"line":88,"column":7}},"type":"if","locations":[{"start":{"line":84,"column":6},"end":{"line":88,"column":7}},{"start":{},"end":{}}],"line":84},"6":{"loc":{"start":{"line":86,"column":29},"end":{"line":86,"column":95}},"type":"cond-expr","locations":[{"start":{"line":86,"column":62},"end":{"line":86,"column":77}},{"start":{"line":86,"column":80},"end":{"line":86,"column":95}}],"line":86}},"s":{"0":3,"1":3,"2":3,"3":3,"4":10,"5":10,"6":10,"7":10,"8":0,"9":0,"10":3,"11":4,"12":4,"13":2,"14":0,"15":0,"16":3,"17":4,"18":4,"19":2,"20":2,"21":2,"22":0,"23":0,"24":3,"25":3,"26":3,"27":3,"28":0,"29":3,"30":3,"31":0,"32":3,"33":3,"34":2,"35":2,"36":2,"37":0,"38":3},"f":{"0":10,"1":4,"2":2,"3":4,"4":3,"5":3},"b":{"0":[2,1],"1":[2,2],"2":[0,3],"3":[0,3],"4":[2,1],"5":[2,1],"6":[1,1]},"_coverageSchema":"1a1c01bbd47fc00a2c39e90264f33305004495a9","hash":"2ba518d57ee61abbf2f2ccc8632e41bd629419e6"}
,"/home/vijay/The Crypto Sentinel/Backend/src/utils/errorHandler.js": {"path":"/home/vijay/The Crypto Sentinel/Backend/src/utils/errorHandler.js","statementMap":{"0":{"start":{"line":1,"column":22},"end":{"line":12,"column":1}},"1":{"start":{"line":2,"column":2},"end":{"line":2,"column":58}},"2":{"start":{"line":3,"column":2},"end":{"line":3,"column":42}},"3":{"start":{"line":5,"column":2},"end":{"line":7,"column":3}},"4":{"start":{"line":6,"column":4},"end":{"line":6,"column":19}},"5":{"start":{"line":9,"column":22},"end":{"line":9,"column":76}},"6":{"start":{"line":10,"column":2},"end":{"line":10,"column":27}},"7":{"start":{"line":11,"column":2},"end":{"line":11,"column":20}},"8":{"start":{"line":14,"column":0},"end":{"line":14,"column":48}}},"fnMap":{"0":{"name":"(anonymous_0)","decl":{"start":{"line":1,"column":22},"end":{"line":1,"column":23}},"loc":{"start":{"line":1,"column":62},"end":{"line":12,"column":1}},"line":1}},"branchMap":{"0":{"loc":{"start":{"line":1,"column":33},"end":{"line":1,"column":57}},"type":"default-arg","locations":[{"start":{"line":1,"column":46},"end":{"line":1,"column":57}}],"line":1},"1":{"loc":{"start":{"line":5,"column":2},"end":{"line":7,"column":3}},"type":"if","locations":[{"start":{"line":5,"column":2},"end":{"line":7,"column":3}},{"start":{},"end":{}}],"line":5}},"s":{"0":4,"1":0,"2":0,"3":0,"4":0,"5":0,"6":0,"7":0,"8":4},"f":{"0":0},"b":{"0":[0],"1":[0,0]},"_coverageSchema":"1a1c01bbd47fc00a2c39e90264f33305004495a9","hash":"0b3cdafc5c62ebecdd5172459a1013e44c54ad5e"}
}
