TN:
SF:src/app.js
FNF:0
FNH:0
DA:1,1
DA:2,1
DA:3,1
DA:4,1
DA:6,1
DA:8,1
DA:9,1
DA:10,1
DA:11,1
DA:13,1
LF:10
LH:10
BRF:0
BRH:0
end_of_record
TN:
SF:src/business/alert.business.js
FN:9,(anonymous_0)
FN:21,(anonymous_1)
FN:34,(anonymous_2)
FNF:3
FNH:3
FNDA:4,(anonymous_0)
FNDA:3,(anonymous_1)
FNDA:3,(anonymous_2)
DA:1,2
DA:2,2
DA:9,2
DA:10,4
DA:11,4
DA:13,0
DA:21,2
DA:22,3
DA:23,3
DA:25,0
DA:34,2
DA:35,3
DA:36,3
DA:38,0
DA:42,2
LF:15
LH:12
BRF:0
BRH:0
end_of_record
TN:
SF:src/config/db.js
FNF:0
FNH:0
DA:2,3
DA:3,3
DA:6,3
DA:11,3
LF:4
LH:4
BRF:0
BRH:0
end_of_record
TN:
SF:src/controllers/alert.controller.js
FN:11,(anonymous_0)
FN:36,(anonymous_1)
FN:52,(anonymous_2)
FNF:3
FNH:3
FNDA:5,(anonymous_0)
FNDA:2,(anonymous_1)
FNDA:2,(anonymous_2)
DA:1,1
DA:11,1
DA:12,5
DA:13,5
DA:15,5
DA:16,1
DA:19,4
DA:20,1
DA:23,3
DA:24,3
DA:26,0
DA:27,0
DA:36,1
DA:37,2
DA:38,2
DA:39,2
DA:41,0
DA:42,0
DA:52,1
DA:53,2
DA:54,2
DA:55,2
DA:56,2
DA:58,0
DA:59,0
DA:63,1
LF:26
LH:20
BRDA:13,0,0,0
BRDA:15,1,0,1
BRDA:15,1,1,4
BRDA:15,2,0,5
BRDA:15,2,1,4
BRDA:19,3,0,1
BRDA:19,3,1,3
BRDA:27,4,0,0
BRDA:27,4,1,0
BRDA:42,5,0,0
BRDA:42,5,1,0
BRDA:59,6,0,0
BRDA:59,6,1,0
BRF:13
BRH:6
end_of_record
TN:
SF:src/routes/alert.routes.js
FNF:0
FNH:0
DA:1,1
DA:2,1
DA:4,1
DA:6,1
DA:8,1
DA:10,1
DA:12,1
LF:7
LH:7
BRF:0
BRH:0
end_of_record
TN:
SF:src/services/alert.service.js
FN:10,(anonymous_0)
FN:33,(anonymous_1)
FN:35,(anonymous_2)
FN:51,(anonymous_3)
FN:72,(anonymous_4)
FN:74,(anonymous_5)
FNF:6
FNH:6
FNDA:10,(anonymous_0)
FNDA:4,(anonymous_1)
FNDA:2,(anonymous_2)
FNDA:4,(anonymous_3)
FNDA:3,(anonymous_4)
FNDA:3,(anonymous_5)
DA:1,3
DA:2,3
DA:3,3
DA:10,3
DA:11,10
DA:12,10
DA:21,10
DA:22,10
DA:24,0
DA:25,0
DA:33,3
DA:34,4
DA:35,4
DA:40,0
DA:41,0
DA:51,3
DA:52,4
DA:53,4
DA:54,2
DA:58,2
DA:59,2
DA:63,0
DA:64,0
DA:72,3
DA:73,3
DA:74,3
DA:75,3
DA:77,3
DA:78,3
DA:80,3
DA:84,3
DA:85,2
DA:86,2
DA:87,2
DA:91,0
DA:95,3
LF:36
LH:29
BRDA:37,0,0,2
BRDA:37,0,1,1
BRDA:53,1,0,2
BRDA:53,1,1,2
BRDA:75,2,0,0
BRDA:75,2,1,3
BRDA:78,3,0,0
BRDA:78,3,1,3
BRDA:80,4,0,2
BRDA:80,4,1,1
BRDA:84,5,0,2
BRDA:84,5,1,1
BRDA:86,6,0,1
BRDA:86,6,1,1
BRF:14
BRH:12
end_of_record
TN:
SF:src/utils/errorHandler.js
FN:1,(anonymous_0)
FNF:1
FNH:0
FNDA:0,(anonymous_0)
DA:1,4
DA:2,0
DA:3,0
DA:5,0
DA:6,0
DA:9,0
DA:10,0
DA:11,0
DA:14,4
LF:9
LH:2
BRDA:1,0,0,0
BRDA:5,1,0,0
BRDA:5,1,1,0
BRF:3
BRH:0
end_of_record
